<?xml version="1.0" encoding="UTF-8"?>
<testsuite name="com.partner.test.runners.Runner" time="0.18" tests="31" errors="2" skipped="28" failures="0">
  <properties>
[...]
</properties>
  <testcase name="Given I am on the smith hotel site &quot;https://staging.smithcollections.com/uk/conde-nast/search&quot;" classname="| 20-03-2016 | 23-03-2016 | United States | New York City |" time="0.022"/>
  <testcase name="When I enter my destination &quot;New York City&quot;" classname="| 20-03-2016 | 23-03-2016 | United States | New York City |" time="0.079">
    <error message="Unable to load Sizzle.js from classpath (non recoverable so propagating as RuntimeException" type="java.lang.RuntimeException">java.lang.RuntimeException: Unable to load Sizzle.js from classpath (non recoverable so propagating as RuntimeException
	at com.partner.test.helper.SizzleSelector.getAmdHackSizzle(SizzleSelector.java:99)
	at com.partner.test.helper.SizzleSelector.injectSizzle(SizzleSelector.java:80)
	at com.partner.test.helper.SizzleSelector.injectSizzleIfNeeded(SizzleSelector.java:61)
	at com.partner.test.helper.SizzleSelector.findElementBySizzleCss(SizzleSelector.java:36)
	at com.partner.test.utility.SmithHotelFireFoxDriver.findElementByCssSelector(SmithHotelFireFoxDriver.java:34)
	at org.openqa.selenium.By$ByCssSelector.findElement(By.java:426)
	at org.openqa.selenium.remote.RemoteWebDriver.findElement(RemoteWebDriver.java:350)
	at org.openqa.selenium.support.pagefactory.DefaultElementLocator.findElement(DefaultElementLocator.java:69)
	at org.openqa.selenium.support.pagefactory.internal.LocatingElementHandler.invoke(LocatingElementHandler.java:38)
	at com.sun.proxy.$Proxy18.isDisplayed(Unknown Source)
	at com.partner.test.utility.Driver$1.apply(Driver.java:51)
	at com.partner.test.utility.Driver$1.apply(Driver.java:48)
	at org.openqa.selenium.support.ui.FluentWait.until(FluentWait.java:209)
	at com.partner.test.utility.Driver.waitForElementDisplay(Driver.java:48)
	at com.partner.test.pages.SmithPartnerBookingPage.enterHotelDestination(SmithPartnerBookingPage.java:227)
	at com.partner.test.step_def.SmithPartner_SD.i_enter_my_destination(SmithPartner_SD.java:27)
	at ✽.When I enter my destination "New York City"(src/test/Resource/SmithPartnerBooking.feature:8)
Caused by: java.io.FileNotFoundException: class path resource [sizzle.js] cannot be opened because it does not exist
	at org.springframework.core.io.ClassPathResource.getInputStream(ClassPathResource.java:157)
	at com.partner.test.helper.SizzleSelector.getResourceContents(SizzleSelector.java:110)
	at com.partner.test.helper.SizzleSelector.readClasspathFile(SizzleSelector.java:104)
	at com.partner.test.helper.SizzleSelector.getAmdHackSizzle(SizzleSelector.java:96)
	at com.partner.test.helper.SizzleSelector.injectSizzle(SizzleSelector.java:80)
	at com.partner.test.helper.SizzleSelector.injectSizzleIfNeeded(SizzleSelector.java:61)
	at com.partner.test.helper.SizzleSelector.findElementBySizzleCss(SizzleSelector.java:36)
	at com.partner.test.utility.SmithHotelFireFoxDriver.findElementByCssSelector(SmithHotelFireFoxDriver.java:34)
	at org.openqa.selenium.By$ByCssSelector.findElement(By.java:426)
	at org.openqa.selenium.remote.RemoteWebDriver.findElement(RemoteWebDriver.java:350)
	at org.openqa.selenium.support.pagefactory.DefaultElementLocator.findElement(DefaultElementLocator.java:69)
	at org.openqa.selenium.support.pagefactory.internal.LocatingElementHandler.invoke(LocatingElementHandler.java:38)
	at com.sun.proxy.$Proxy18.isDisplayed(Unknown Source)
	at com.partner.test.utility.Driver$1.apply(Driver.java:51)
	at com.partner.test.utility.Driver$1.apply(Driver.java:48)
	at org.openqa.selenium.support.ui.FluentWait.until(FluentWait.java:209)
	at com.partner.test.utility.Driver.waitForElementDisplay(Driver.java:48)
	at com.partner.test.pages.SmithPartnerBookingPage.enterHotelDestination(SmithPartnerBookingPage.java:227)
	at com.partner.test.step_def.SmithPartner_SD.i_enter_my_destination(SmithPartner_SD.java:27)
	at sun.reflect.NativeMethodAccessorImpl.invoke0(Native Method)
	at sun.reflect.NativeMethodAccessorImpl.invoke(NativeMethodAccessorImpl.java:62)
	at sun.reflect.DelegatingMethodAccessorImpl.invoke(DelegatingMethodAccessorImpl.java:43)
	at java.lang.reflect.Method.invoke(Method.java:497)
	at cucumber.runtime.Utils$1.call(Utils.java:37)
	at cucumber.runtime.Timeout.timeout(Timeout.java:13)
	at cucumber.runtime.Utils.invoke(Utils.java:31)
	at cucumber.runtime.java.JavaStepDefinition.execute(JavaStepDefinition.java:37)
	at cucumber.runtime.StepDefinitionMatch.runStep(StepDefinitionMatch.java:37)
	at cucumber.runtime.Runtime.runStep(Runtime.java:298)
	at cucumber.runtime.model.StepContainer.runStep(StepContainer.java:44)
	at cucumber.runtime.model.StepContainer.runSteps(StepContainer.java:39)
	at cucumber.runtime.model.CucumberScenario.run(CucumberScenario.java:48)
	at cucumber.runtime.junit.ExecutionUnitRunner.run(ExecutionUnitRunner.java:91)
	at org.junit.runners.Suite.runChild(Suite.java:128)
	at org.junit.runners.Suite.runChild(Suite.java:27)
	at org.junit.runners.ParentRunner$3.run(ParentRunner.java:290)
	at org.junit.runners.ParentRunner$1.schedule(ParentRunner.java:71)
	at org.junit.runners.ParentRunner.runChildren(ParentRunner.java:288)
	at org.junit.runners.ParentRunner.access$000(ParentRunner.java:58)
	at org.junit.runners.ParentRunner$2.evaluate(ParentRunner.java:268)
	at org.junit.runners.ParentRunner.run(ParentRunner.java:363)
	at cucumber.runtime.junit.ExamplesRunner.run(ExamplesRunner.java:59)
	at org.junit.runners.Suite.runChild(Suite.java:128)
	at org.junit.runners.Suite.runChild(Suite.java:27)
	at org.junit.runners.ParentRunner$3.run(ParentRunner.java:290)
	at org.junit.runners.ParentRunner$1.schedule(ParentRunner.java:71)
	at org.junit.runners.ParentRunner.runChildren(ParentRunner.java:288)
	at org.junit.runners.ParentRunner.access$000(ParentRunner.java:58)
	at org.junit.runners.ParentRunner$2.evaluate(ParentRunner.java:268)
	at org.junit.runners.ParentRunner.run(ParentRunner.java:363)
	at cucumber.runtime.junit.ScenarioOutlineRunner.run(ScenarioOutlineRunner.java:53)
	at cucumber.runtime.junit.FeatureRunner.runChild(FeatureRunner.java:63)
	at cucumber.runtime.junit.FeatureRunner.runChild(FeatureRunner.java:18)
	at org.junit.runners.ParentRunner$3.run(ParentRunner.java:290)
	at org.junit.runners.ParentRunner$1.schedule(ParentRunner.java:71)
	at org.junit.runners.ParentRunner.runChildren(ParentRunner.java:288)
	at org.junit.runners.ParentRunner.access$000(ParentRunner.java:58)
	at org.junit.runners.ParentRunner$2.evaluate(ParentRunner.java:268)
	at org.junit.runners.ParentRunner.run(ParentRunner.java:363)
	at cucumber.runtime.junit.FeatureRunner.run(FeatureRunner.java:70)
	at cucumber.api.junit.Cucumber.runChild(Cucumber.java:93)
	at cucumber.api.junit.Cucumber.runChild(Cucumber.java:37)
	at org.junit.runners.ParentRunner$3.run(ParentRunner.java:290)
	at org.junit.runners.ParentRunner$1.schedule(ParentRunner.java:71)
	at org.junit.runners.ParentRunner.runChildren(ParentRunner.java:288)
	at org.junit.runners.ParentRunner.access$000(ParentRunner.java:58)
	at org.junit.runners.ParentRunner$2.evaluate(ParentRunner.java:268)
	at org.junit.internal.runners.statements.RunBefores.evaluate(RunBefores.java:26)
	at org.junit.internal.runners.statements.RunAfters.evaluate(RunAfters.java:27)
	at org.junit.runners.ParentRunner.run(ParentRunner.java:363)
	at cucumber.api.junit.Cucumber.run(Cucumber.java:98)
	at org.apache.maven.surefire.junit4.JUnit4Provider.execute(JUnit4Provider.java:283)
	at org.apache.maven.surefire.junit4.JUnit4Provider.executeWithRerun(JUnit4Provider.java:173)
	at org.apache.maven.surefire.junit4.JUnit4Provider.executeTestSet(JUnit4Provider.java:153)
	at org.apache.maven.surefire.junit4.JUnit4Provider.invoke(JUnit4Provider.java:128)
	at org.apache.maven.surefire.booter.ForkedBooter.invokeProviderInSameClassLoader(ForkedBooter.java:203)
	at org.apache.maven.surefire.booter.ForkedBooter.runSuitesInProcess(ForkedBooter.java:155)
	at org.apache.maven.surefire.booter.ForkedBooter.main(ForkedBooter.java:103)
</error>
  </testcase>
  <testcase name="| 20-03-2016 | 23-03-2016 | United States | New York City |" classname="| 20-03-2016 | 23-03-2016 | United States | New York City |" time="0.079">
    <error message="Unable to load Sizzle.js from classpath (non recoverable so propagating as RuntimeException" type="java.lang.RuntimeException">java.lang.RuntimeException: Unable to load Sizzle.js from classpath (non recoverable so propagating as RuntimeException
	at com.partner.test.helper.SizzleSelector.getAmdHackSizzle(SizzleSelector.java:99)
	at com.partner.test.helper.SizzleSelector.injectSizzle(SizzleSelector.java:80)
	at com.partner.test.helper.SizzleSelector.injectSizzleIfNeeded(SizzleSelector.java:61)
	at com.partner.test.helper.SizzleSelector.findElementBySizzleCss(SizzleSelector.java:36)
	at com.partner.test.utility.SmithHotelFireFoxDriver.findElementByCssSelector(SmithHotelFireFoxDriver.java:34)
	at org.openqa.selenium.By$ByCssSelector.findElement(By.java:426)
	at org.openqa.selenium.remote.RemoteWebDriver.findElement(RemoteWebDriver.java:350)
	at org.openqa.selenium.support.pagefactory.DefaultElementLocator.findElement(DefaultElementLocator.java:69)
	at org.openqa.selenium.support.pagefactory.internal.LocatingElementHandler.invoke(LocatingElementHandler.java:38)
	at com.sun.proxy.$Proxy18.isDisplayed(Unknown Source)
	at com.partner.test.utility.Driver$1.apply(Driver.java:51)
	at com.partner.test.utility.Driver$1.apply(Driver.java:48)
	at org.openqa.selenium.support.ui.FluentWait.until(FluentWait.java:209)
	at com.partner.test.utility.Driver.waitForElementDisplay(Driver.java:48)
	at com.partner.test.pages.SmithPartnerBookingPage.enterHotelDestination(SmithPartnerBookingPage.java:227)
	at com.partner.test.step_def.SmithPartner_SD.i_enter_my_destination(SmithPartner_SD.java:27)
	at ✽.When I enter my destination "New York City"(src/test/Resource/SmithPartnerBooking.feature:8)
Caused by: java.io.FileNotFoundException: class path resource [sizzle.js] cannot be opened because it does not exist
	at org.springframework.core.io.ClassPathResource.getInputStream(ClassPathResource.java:157)
	at com.partner.test.helper.SizzleSelector.getResourceContents(SizzleSelector.java:110)
	at com.partner.test.helper.SizzleSelector.readClasspathFile(SizzleSelector.java:104)
	at com.partner.test.helper.SizzleSelector.getAmdHackSizzle(SizzleSelector.java:96)
	at com.partner.test.helper.SizzleSelector.injectSizzle(SizzleSelector.java:80)
	at com.partner.test.helper.SizzleSelector.injectSizzleIfNeeded(SizzleSelector.java:61)
	at com.partner.test.helper.SizzleSelector.findElementBySizzleCss(SizzleSelector.java:36)
	at com.partner.test.utility.SmithHotelFireFoxDriver.findElementByCssSelector(SmithHotelFireFoxDriver.java:34)
	at org.openqa.selenium.By$ByCssSelector.findElement(By.java:426)
	at org.openqa.selenium.remote.RemoteWebDriver.findElement(RemoteWebDriver.java:350)
	at org.openqa.selenium.support.pagefactory.DefaultElementLocator.findElement(DefaultElementLocator.java:69)
	at org.openqa.selenium.support.pagefactory.internal.LocatingElementHandler.invoke(LocatingElementHandler.java:38)
	at com.sun.proxy.$Proxy18.isDisplayed(Unknown Source)
	at com.partner.test.utility.Driver$1.apply(Driver.java:51)
	at com.partner.test.utility.Driver$1.apply(Driver.java:48)
	at org.openqa.selenium.support.ui.FluentWait.until(FluentWait.java:209)
	at com.partner.test.utility.Driver.waitForElementDisplay(Driver.java:48)
	at com.partner.test.pages.SmithPartnerBookingPage.enterHotelDestination(SmithPartnerBookingPage.java:227)
	at com.partner.test.step_def.SmithPartner_SD.i_enter_my_destination(SmithPartner_SD.java:27)
	at sun.reflect.NativeMethodAccessorImpl.invoke0(Native Method)
	at sun.reflect.NativeMethodAccessorImpl.invoke(NativeMethodAccessorImpl.java:62)
	at sun.reflect.DelegatingMethodAccessorImpl.invoke(DelegatingMethodAccessorImpl.java:43)
	at java.lang.reflect.Method.invoke(Method.java:497)
	at cucumber.runtime.Utils$1.call(Utils.java:37)
	at cucumber.runtime.Timeout.timeout(Timeout.java:13)
	at cucumber.runtime.Utils.invoke(Utils.java:31)
	at cucumber.runtime.java.JavaStepDefinition.execute(JavaStepDefinition.java:37)
	at cucumber.runtime.StepDefinitionMatch.runStep(StepDefinitionMatch.java:37)
	at cucumber.runtime.Runtime.runStep(Runtime.java:298)
	at cucumber.runtime.model.StepContainer.runStep(StepContainer.java:44)
	at cucumber.runtime.model.StepContainer.runSteps(StepContainer.java:39)
	at cucumber.runtime.model.CucumberScenario.run(CucumberScenario.java:48)
	at cucumber.runtime.junit.ExecutionUnitRunner.run(ExecutionUnitRunner.java:91)
	at org.junit.runners.Suite.runChild(Suite.java:128)
	at org.junit.runners.Suite.runChild(Suite.java:27)
	at org.junit.runners.ParentRunner$3.run(ParentRunner.java:290)
	at org.junit.runners.ParentRunner$1.schedule(ParentRunner.java:71)
	at org.junit.runners.ParentRunner.runChildren(ParentRunner.java:288)
	at org.junit.runners.ParentRunner.access$000(ParentRunner.java:58)
	at org.junit.runners.ParentRunner$2.evaluate(ParentRunner.java:268)
	at org.junit.runners.ParentRunner.run(ParentRunner.java:363)
	at cucumber.runtime.junit.ExamplesRunner.run(ExamplesRunner.java:59)
	at org.junit.runners.Suite.runChild(Suite.java:128)
	at org.junit.runners.Suite.runChild(Suite.java:27)
	at org.junit.runners.ParentRunner$3.run(ParentRunner.java:290)
	at org.junit.runners.ParentRunner$1.schedule(ParentRunner.java:71)
	at org.junit.runners.ParentRunner.runChildren(ParentRunner.java:288)
	at org.junit.runners.ParentRunner.access$000(ParentRunner.java:58)
	at org.junit.runners.ParentRunner$2.evaluate(ParentRunner.java:268)
	at org.junit.runners.ParentRunner.run(ParentRunner.java:363)
	at cucumber.runtime.junit.ScenarioOutlineRunner.run(ScenarioOutlineRunner.java:53)
	at cucumber.runtime.junit.FeatureRunner.runChild(FeatureRunner.java:63)
	at cucumber.runtime.junit.FeatureRunner.runChild(FeatureRunner.java:18)
	at org.junit.runners.ParentRunner$3.run(ParentRunner.java:290)
	at org.junit.runners.ParentRunner$1.schedule(ParentRunner.java:71)
	at org.junit.runners.ParentRunner.runChildren(ParentRunner.java:288)
	at org.junit.runners.ParentRunner.access$000(ParentRunner.java:58)
	at org.junit.runners.ParentRunner$2.evaluate(ParentRunner.java:268)
	at org.junit.runners.ParentRunner.run(ParentRunner.java:363)
	at cucumber.runtime.junit.FeatureRunner.run(FeatureRunner.java:70)
	at cucumber.api.junit.Cucumber.runChild(Cucumber.java:93)
	at cucumber.api.junit.Cucumber.runChild(Cucumber.java:37)
	at org.junit.runners.ParentRunner$3.run(ParentRunner.java:290)
	at org.junit.runners.ParentRunner$1.schedule(ParentRunner.java:71)
	at org.junit.runners.ParentRunner.runChildren(ParentRunner.java:288)
	at org.junit.runners.ParentRunner.access$000(ParentRunner.java:58)
	at org.junit.runners.ParentRunner$2.evaluate(ParentRunner.java:268)
	at org.junit.internal.runners.statements.RunBefores.evaluate(RunBefores.java:26)
	at org.junit.internal.runners.statements.RunAfters.evaluate(RunAfters.java:27)
	at org.junit.runners.ParentRunner.run(ParentRunner.java:363)
	at cucumber.api.junit.Cucumber.run(Cucumber.java:98)
	at org.apache.maven.surefire.junit4.JUnit4Provider.execute(JUnit4Provider.java:283)
	at org.apache.maven.surefire.junit4.JUnit4Provider.executeWithRerun(JUnit4Provider.java:173)
	at org.apache.maven.surefire.junit4.JUnit4Provider.executeTestSet(JUnit4Provider.java:153)
	at org.apache.maven.surefire.junit4.JUnit4Provider.invoke(JUnit4Provider.java:128)
	at org.apache.maven.surefire.booter.ForkedBooter.invokeProviderInSameClassLoader(ForkedBooter.java:203)
	at org.apache.maven.surefire.booter.ForkedBooter.runSuitesInProcess(ForkedBooter.java:155)
	at org.apache.maven.surefire.booter.ForkedBooter.main(ForkedBooter.java:103)
</error>
  </testcase>
  <testcase name="And I enter my checkin date &quot;20-03-2016&quot;" classname="| 20-03-2016 | 23-03-2016 | United States | New York City |" time="0">
    <skipped/>
  </testcase>
  <testcase name="And I enter my checkout date &quot;23-03-2016&quot;" classname="| 20-03-2016 | 23-03-2016 | United States | New York City |" time="0">
    <skipped/>
  </testcase>
  <testcase name="And I click on the &quot;search&quot; button" classname="| 20-03-2016 | 23-03-2016 | United States | New York City |" time="0">
    <skipped/>
  </testcase>
  <testcase name="Then I should see result for &quot; United States &quot; and &quot; New York City &quot;" classname="| 20-03-2016 | 23-03-2016 | United States | New York City |" time="0">
    <skipped/>
  </testcase>
  <testcase name="And I click on the book now button" classname="| 20-03-2016 | 23-03-2016 | United States | New York City |" time="0">
    <skipped/>
  </testcase>
  <testcase name="Then I should &quot;Select a room&quot; on the hotel page" classname="| 20-03-2016 | 23-03-2016 | United States | New York City |" time="0">
    <skipped/>
  </testcase>
  <testcase name="And I click on book it button" classname="| 20-03-2016 | 23-03-2016 | United States | New York City |" time="0">
    <skipped/>
  </testcase>
  <testcase name="Then I should see who is sleeping in the room Popup" classname="| 20-03-2016 | 23-03-2016 | United States | New York City |" time="0">
    <skipped/>
  </testcase>
  <testcase name="And I enter &quot;1&quot; as number of &quot;adults staying in the room" classname="| 20-03-2016 | 23-03-2016 | United States | New York City |" time="0">
    <skipped/>
  </testcase>
  <testcase name="And I click confirm button to add room to the basket" classname="| 20-03-2016 | 23-03-2016 | United States | New York City |" time="0">
    <skipped/>
  </testcase>
  <testcase name="And I click on confirm booking button" classname="| 20-03-2016 | 23-03-2016 | United States | New York City |" time="0">
    <skipped/>
  </testcase>
  <testcase name="Then I should be on Enter details payment page" classname="| 20-03-2016 | 23-03-2016 | United States | New York City |" time="0">
    <skipped/>
  </testcase>
  <testcase name="And I select currency type as &quot;USD&quot; from card type dropdown" classname="| 20-03-2016 | 23-03-2016 | United States | New York City |" time="0">
    <skipped/>
  </testcase>
  <testcase name="And I should see hotel address displayed" classname="| 20-03-2016 | 23-03-2016 | United States | New York City |" time="0">
    <skipped/>
  </testcase>
  <testcase name="And should see booking cancellation policy and additional charges" classname="| 20-03-2016 | 23-03-2016 | United States | New York City |" time="0">
    <skipped/>
  </testcase>
  <testcase name="And I enter First name as &quot;Thadeus&quot; and last name as &quot;Bule&quot;" classname="| 20-03-2016 | 23-03-2016 | United States | New York City |" time="0">
    <skipped/>
  </testcase>
  <testcase name="And I enter email address as &quot;thadeus@smithhotels.com&quot; and phone number as &quot;02097655552&quot;" classname="| 20-03-2016 | 23-03-2016 | United States | New York City |" time="0">
    <skipped/>
  </testcase>
  <testcase name="And I select my country as &quot;United Kindgom&quot; from dropdown" classname="| 20-03-2016 | 23-03-2016 | United States | New York City |" time="0">
    <skipped/>
  </testcase>
  <testcase name="And I enter my Address line one as &quot;Running waters&quot; And line two address as &quot;Wicklow&quot;" classname="| 20-03-2016 | 23-03-2016 | United States | New York City |" time="0">
    <skipped/>
  </testcase>
  <testcase name="And I enter my postcode as &quot;KA2 9DP&quot; and town as &quot;Kent&quot;" classname="| 20-03-2016 | 23-03-2016 | United States | New York City |" time="0">
    <skipped/>
  </testcase>
  <testcase name="And I enter gift card or voucher code as &quot;ABgs12K&quot;" classname="| 20-03-2016 | 23-03-2016 | United States | New York City |" time="0">
    <skipped/>
  </testcase>
  <testcase name="And I select card type as &quot;VISA&quot; from card type dropdown" classname="| 20-03-2016 | 23-03-2016 | United States | New York City |" time="0">
    <skipped/>
  </testcase>
  <testcase name="And I enter card number as &quot;4111111111111111&quot; and name on card as &quot;Buke&quot;" classname="| 20-03-2016 | 23-03-2016 | United States | New York City |" time="0">
    <skipped/>
  </testcase>
  <testcase name="And I select card expiry month as &quot;08&quot; and year &quot;2018&quot; from dropdown" classname="| 20-03-2016 | 23-03-2016 | United States | New York City |" time="0">
    <skipped/>
  </testcase>
  <testcase name="And I enter card CVV as &quot;087&quot; in cvv field" classname="| 20-03-2016 | 23-03-2016 | United States | New York City |" time="0">
    <skipped/>
  </testcase>
  <testcase name="And I checkbox to agree to booking terms and conditions" classname="| 20-03-2016 | 23-03-2016 | United States | New York City |" time="0">
    <skipped/>
  </testcase>
  <testcase name="Then I should see deposit to pay now displayed on page" classname="| 20-03-2016 | 23-03-2016 | United States | New York City |" time="0">
    <skipped/>
  </testcase>
  <testcase name="And I click on the make Payment button" classname="| 20-03-2016 | 23-03-2016 | United States | New York City |" time="0">
    <skipped/>
  </testcase>
</testsuite>