<?xml version="1.0" encoding="UTF-8"?>
<testsuite name="com.smith.tashh.cucumber.runners.Runner" time="0.005" tests="9" errors="0" skipped="0" failures="0">
  <properties>
[...]
</properties>
  <testcase name="Given I am on &quot;https://tashh.smithbookings.com/login&quot;" classname="Scenario: " time="0.005"/>
  <testcase name="And I enter my username and password" classname="Scenario: " time="0"/>
  <testcase name="And I click on the login button" classname="Scenario: " time="0"/>
  <testcase name="Then I should be logged in" classname="Scenario: " time="0"/>
  <testcase name="Given I select &quot;Smith&quot; as Agent" classname="Scenario: " time="0"/>
  <testcase name="And I click on the search drop down and select &quot;Members&quot;" classname="Scenario: " time="0"/>
  <testcase name="And I enter the Member name as &quot;Thadeus&quot;" classname="Scenario: " time="0"/>
  <testcase name="When I click on the search button" classname="Scenario: " time="0"/>
  <testcase name="Scenario: " classname="Scenario: " time="0"/>
</testsuite>